
> flowbite-solid@0.0.5 build /Users/murali/projects/flowbite-solid/packages/flowbite-solid
> rollup -c rollup.config.js

[36m
[1m/Users/murali/projects/flowbite-solid/packages/flowbite-solid/src/index.ts[22m → [1mdist/cjs, dist/esm[22m...[39m

Example config for your `package.json`:

{
  "files": [
    "dist"
  ],
  "main": "dist/cjs/index.js",
  "module": "dist/esm/index.js",
  "types": "dist/types/index.d.ts",
  "exports": {
    ".": {
      "solid": "./dist/source/index.jsx",
      "import": "./dist/esm/index.js",
      "browser": "./dist/esm/index.js",
      "require": "./dist/cjs/index.js",
      "node": "./dist/cjs/index.js"
    }
  }
}

[32mcreated [1mdist/cjs, dist/esm[22m in [1m7.3s[22m[39m
